mode: set
github.com/gizzahub/gzh-manager-go/main.go:12.13,13.45 1 0
github.com/gizzahub/gzh-manager-go/main.go:13.45,16.3 2 0
github.com/gizzahub/gzh-manager-go/cmd/man.go:19.26,29.55 2 0
github.com/gizzahub/gzh-manager-go/cmd/man.go:29.55,31.18 2 0
github.com/gizzahub/gzh-manager-go/cmd/man.go:31.18,33.5 1 0
github.com/gizzahub/gzh-manager-go/cmd/man.go:35.4,37.14 2 0
github.com/gizzahub/gzh-manager-go/cmd/man.go:41.2,43.13 2 0
github.com/gizzahub/gzh-manager-go/cmd/root.go:12.48,16.55 1 1
github.com/gizzahub/gzh-manager-go/cmd/root.go:16.55,18.4 1 1
github.com/gizzahub/gzh-manager-go/cmd/root.go:21.2,26.12 5 1
github.com/gizzahub/gzh-manager-go/cmd/root.go:30.36,31.54 1 0
github.com/gizzahub/gzh-manager-go/cmd/root.go:31.54,33.3 1 0
github.com/gizzahub/gzh-manager-go/cmd/root.go:35.2,35.12 1 0
github.com/gizzahub/gzh-manager-go/cmd/version.go:9.51,15.48 1 1
github.com/gizzahub/gzh-manager-go/cmd/version.go:15.48,17.4 1 1
github.com/gizzahub/gzh-manager-go/pkg/gitea/gitea_org_clone.go:15.64,18.16 3 0
github.com/gizzahub/gzh-manager-go/pkg/gitea/gitea_org_clone.go:18.16,20.3 1 0
github.com/gizzahub/gzh-manager-go/pkg/gitea/gitea_org_clone.go:21.2,23.38 2 0
github.com/gizzahub/gzh-manager-go/pkg/gitea/gitea_org_clone.go:23.38,25.3 1 0
github.com/gizzahub/gzh-manager-go/pkg/gitea/gitea_org_clone.go:27.2,28.69 2 0
github.com/gizzahub/gzh-manager-go/pkg/gitea/gitea_org_clone.go:28.69,30.3 1 0
github.com/gizzahub/gzh-manager-go/pkg/gitea/gitea_org_clone.go:32.2,32.36 1 0
github.com/gizzahub/gzh-manager-go/pkg/gitea/gitea_org_clone.go:35.41,38.16 3 0
github.com/gizzahub/gzh-manager-go/pkg/gitea/gitea_org_clone.go:38.16,40.3 1 0
github.com/gizzahub/gzh-manager-go/pkg/gitea/gitea_org_clone.go:41.2,43.38 2 0
github.com/gizzahub/gzh-manager-go/pkg/gitea/gitea_org_clone.go:43.38,45.3 1 0
github.com/gizzahub/gzh-manager-go/pkg/gitea/gitea_org_clone.go:47.2,50.66 2 0
github.com/gizzahub/gzh-manager-go/pkg/gitea/gitea_org_clone.go:50.66,52.3 1 0
github.com/gizzahub/gzh-manager-go/pkg/gitea/gitea_org_clone.go:54.2,55.29 2 0
github.com/gizzahub/gzh-manager-go/pkg/gitea/gitea_org_clone.go:55.29,57.3 1 0
github.com/gizzahub/gzh-manager-go/pkg/gitea/gitea_org_clone.go:59.2,59.23 1 0
github.com/gizzahub/gzh-manager-go/pkg/gitea/gitea_org_clone.go:62.77,63.18 1 0
github.com/gizzahub/gzh-manager-go/pkg/gitea/gitea_org_clone.go:63.18,65.17 2 0
github.com/gizzahub/gzh-manager-go/pkg/gitea/gitea_org_clone.go:65.17,67.4 1 0
github.com/gizzahub/gzh-manager-go/pkg/gitea/gitea_org_clone.go:68.3,68.25 1 0
github.com/gizzahub/gzh-manager-go/pkg/gitea/gitea_org_clone.go:71.2,77.34 7 0
github.com/gizzahub/gzh-manager-go/pkg/gitea/gitea_org_clone.go:77.34,81.3 3 0
github.com/gizzahub/gzh-manager-go/pkg/gitea/gitea_org_clone.go:83.2,83.12 1 0
github.com/gizzahub/gzh-manager-go/pkg/gitea/gitea_org_clone.go:86.54,88.16 2 0
github.com/gizzahub/gzh-manager-go/pkg/gitea/gitea_org_clone.go:88.16,90.3 1 0
github.com/gizzahub/gzh-manager-go/pkg/gitea/gitea_org_clone.go:92.2,92.29 1 0
github.com/gizzahub/gzh-manager-go/pkg/gitea/gitea_org_clone.go:92.29,94.17 2 0
github.com/gizzahub/gzh-manager-go/pkg/gitea/gitea_org_clone.go:94.17,96.4 1 0
github.com/gizzahub/gzh-manager-go/pkg/gitea/gitea_org_clone.go:99.2,99.12 1 0
github.com/gizzahub/gzh-manager-go/pkg/gitlab/gitlab_group_clone.go:24.66,27.16 3 0
github.com/gizzahub/gzh-manager-go/pkg/gitlab/gitlab_group_clone.go:27.16,29.3 1 0
github.com/gizzahub/gzh-manager-go/pkg/gitlab/gitlab_group_clone.go:30.2,32.38 2 0
github.com/gizzahub/gzh-manager-go/pkg/gitlab/gitlab_group_clone.go:32.38,34.3 1 0
github.com/gizzahub/gzh-manager-go/pkg/gitlab/gitlab_group_clone.go:36.2,37.16 2 0
github.com/gizzahub/gzh-manager-go/pkg/gitlab/gitlab_group_clone.go:37.16,39.3 1 0
github.com/gizzahub/gzh-manager-go/pkg/gitlab/gitlab_group_clone.go:41.2,43.16 3 0
github.com/gizzahub/gzh-manager-go/pkg/gitlab/gitlab_group_clone.go:43.16,45.3 1 0
github.com/gizzahub/gzh-manager-go/pkg/gitlab/gitlab_group_clone.go:47.2,47.38 1 0
github.com/gizzahub/gzh-manager-go/pkg/gitlab/gitlab_group_clone.go:50.61,53.16 3 0
github.com/gizzahub/gzh-manager-go/pkg/gitlab/gitlab_group_clone.go:53.16,55.3 1 0
github.com/gizzahub/gzh-manager-go/pkg/gitlab/gitlab_group_clone.go:56.2,58.38 2 0
github.com/gizzahub/gzh-manager-go/pkg/gitlab/gitlab_group_clone.go:58.38,60.3 1 0
github.com/gizzahub/gzh-manager-go/pkg/gitlab/gitlab_group_clone.go:62.2,63.16 2 0
github.com/gizzahub/gzh-manager-go/pkg/gitlab/gitlab_group_clone.go:63.16,65.3 1 0
github.com/gizzahub/gzh-manager-go/pkg/gitlab/gitlab_group_clone.go:67.2,71.16 3 0
github.com/gizzahub/gzh-manager-go/pkg/gitlab/gitlab_group_clone.go:71.16,73.3 1 0
github.com/gizzahub/gzh-manager-go/pkg/gitlab/gitlab_group_clone.go:75.2,75.29 1 0
github.com/gizzahub/gzh-manager-go/pkg/gitlab/gitlab_group_clone.go:75.29,77.3 1 0
github.com/gizzahub/gzh-manager-go/pkg/gitlab/gitlab_group_clone.go:80.2,82.16 3 0
github.com/gizzahub/gzh-manager-go/pkg/gitlab/gitlab_group_clone.go:82.16,84.3 1 0
github.com/gizzahub/gzh-manager-go/pkg/gitlab/gitlab_group_clone.go:85.2,87.47 2 0
github.com/gizzahub/gzh-manager-go/pkg/gitlab/gitlab_group_clone.go:87.47,89.3 1 0
github.com/gizzahub/gzh-manager-go/pkg/gitlab/gitlab_group_clone.go:91.2,92.16 2 0
github.com/gizzahub/gzh-manager-go/pkg/gitlab/gitlab_group_clone.go:92.16,94.3 1 0
github.com/gizzahub/gzh-manager-go/pkg/gitlab/gitlab_group_clone.go:96.2,100.16 3 0
github.com/gizzahub/gzh-manager-go/pkg/gitlab/gitlab_group_clone.go:100.16,102.3 1 0
github.com/gizzahub/gzh-manager-go/pkg/gitlab/gitlab_group_clone.go:104.2,104.37 1 0
github.com/gizzahub/gzh-manager-go/pkg/gitlab/gitlab_group_clone.go:104.37,106.17 2 0
github.com/gizzahub/gzh-manager-go/pkg/gitlab/gitlab_group_clone.go:106.17,108.4 1 0
github.com/gizzahub/gzh-manager-go/pkg/gitlab/gitlab_group_clone.go:111.2,111.12 1 0
github.com/gizzahub/gzh-manager-go/pkg/gitlab/gitlab_group_clone.go:114.43,117.16 3 0
github.com/gizzahub/gzh-manager-go/pkg/gitlab/gitlab_group_clone.go:117.16,119.3 1 0
github.com/gizzahub/gzh-manager-go/pkg/gitlab/gitlab_group_clone.go:120.2,120.22 1 0
github.com/gizzahub/gzh-manager-go/pkg/gitlab/gitlab_group_clone.go:123.79,124.18 1 0
github.com/gizzahub/gzh-manager-go/pkg/gitlab/gitlab_group_clone.go:124.18,126.17 2 0
github.com/gizzahub/gzh-manager-go/pkg/gitlab/gitlab_group_clone.go:126.17,128.4 1 0
github.com/gizzahub/gzh-manager-go/pkg/gitlab/gitlab_group_clone.go:129.3,129.25 1 0
github.com/gizzahub/gzh-manager-go/pkg/gitlab/gitlab_group_clone.go:132.2,139.34 7 0
github.com/gizzahub/gzh-manager-go/pkg/gitlab/gitlab_group_clone.go:139.34,143.3 3 0
github.com/gizzahub/gzh-manager-go/pkg/gitlab/gitlab_group_clone.go:145.2,145.12 1 0
github.com/gizzahub/gzh-manager-go/pkg/gitlab/gitlab_group_clone.go:150.73,153.16 2 0
github.com/gizzahub/gzh-manager-go/pkg/gitlab/gitlab_group_clone.go:153.16,155.3 1 0
github.com/gizzahub/gzh-manager-go/pkg/gitlab/gitlab_group_clone.go:158.2,159.16 2 0
github.com/gizzahub/gzh-manager-go/pkg/gitlab/gitlab_group_clone.go:159.16,161.3 1 0
github.com/gizzahub/gzh-manager-go/pkg/gitlab/gitlab_group_clone.go:164.2,167.37 2 0
github.com/gizzahub/gzh-manager-go/pkg/gitlab/gitlab_group_clone.go:167.37,169.48 2 0
github.com/gizzahub/gzh-manager-go/pkg/gitlab/gitlab_group_clone.go:169.48,171.4 1 0
github.com/gizzahub/gzh-manager-go/pkg/gitlab/gitlab_group_clone.go:175.2,175.34 1 0
github.com/gizzahub/gzh-manager-go/pkg/gitlab/gitlab_group_clone.go:175.34,177.54 2 0
github.com/gizzahub/gzh-manager-go/pkg/gitlab/gitlab_group_clone.go:177.54,179.59 1 0
github.com/gizzahub/gzh-manager-go/pkg/gitlab/gitlab_group_clone.go:179.59,181.5 1 0
github.com/gizzahub/gzh-manager-go/pkg/gitlab/gitlab_group_clone.go:182.9,184.20 1 0
github.com/gizzahub/gzh-manager-go/pkg/gitlab/gitlab_group_clone.go:185.17,188.37 2 0
github.com/gizzahub/gzh-manager-go/pkg/gitlab/gitlab_group_clone.go:188.37,190.6 1 0
github.com/gizzahub/gzh-manager-go/pkg/gitlab/gitlab_group_clone.go:191.5,192.37 2 0
github.com/gizzahub/gzh-manager-go/pkg/gitlab/gitlab_group_clone.go:192.37,194.6 1 0
github.com/gizzahub/gzh-manager-go/pkg/gitlab/gitlab_group_clone.go:195.16,198.37 2 0
github.com/gizzahub/gzh-manager-go/pkg/gitlab/gitlab_group_clone.go:198.37,200.6 1 0
github.com/gizzahub/gzh-manager-go/pkg/gitlab/gitlab_group_clone.go:201.17,204.37 2 0
github.com/gizzahub/gzh-manager-go/pkg/gitlab/gitlab_group_clone.go:204.37,206.6 1 0
github.com/gizzahub/gzh-manager-go/pkg/gitlab/gitlab_group_clone.go:208.4,208.78 1 0
github.com/gizzahub/gzh-manager-go/pkg/gitlab/gitlab_group_clone.go:212.2,212.12 1 0
github.com/gizzahub/gzh-manager-go/pkg/gitlab/gitlab_group_clone.go:216.52,218.16 2 0
github.com/gizzahub/gzh-manager-go/pkg/gitlab/gitlab_group_clone.go:218.16,220.3 1 0
github.com/gizzahub/gzh-manager-go/pkg/gitlab/gitlab_group_clone.go:222.2,223.32 2 0
github.com/gizzahub/gzh-manager-go/pkg/gitlab/gitlab_group_clone.go:223.32,224.20 1 0
github.com/gizzahub/gzh-manager-go/pkg/gitlab/gitlab_group_clone.go:224.20,226.4 1 0
github.com/gizzahub/gzh-manager-go/pkg/gitlab/gitlab_group_clone.go:229.2,229.18 1 0
github.com/gizzahub/gzh-manager-go/pkg/gitlab/gitlab_group_clone.go:233.41,235.22 2 0
github.com/gizzahub/gzh-manager-go/pkg/gitlab/gitlab_group_clone.go:235.22,237.3 1 0
github.com/gizzahub/gzh-manager-go/pkg/gitlab/gitlab_group_clone.go:238.2,239.22 2 0
github.com/gizzahub/gzh-manager-go/pkg/gitlab/gitlab_group_clone.go:239.22,240.32 1 0
github.com/gizzahub/gzh-manager-go/pkg/gitlab/gitlab_group_clone.go:240.32,242.4 1 0
github.com/gizzahub/gzh-manager-go/pkg/gitlab/gitlab_group_clone.go:244.2,244.13 1 0
github.com/gizzahub/gzh-manager-go/internal/convert/convert.go:9.52,11.2 1 1
github.com/gizzahub/gzh-manager-go/internal/convert/convert.go:14.44,16.16 2 1
github.com/gizzahub/gzh-manager-go/internal/convert/convert.go:16.16,18.3 1 1
github.com/gizzahub/gzh-manager-go/internal/convert/convert.go:20.2,20.15 1 1
github.com/gizzahub/gzh-manager-go/pkg/gen-config/dir_gen_config.go:27.13,34.16 5 0
github.com/gizzahub/gzh-manager-go/pkg/gen-config/dir_gen_config.go:34.16,37.3 2 0
github.com/gizzahub/gzh-manager-go/pkg/gen-config/dir_gen_config.go:39.2,39.56 1 0
github.com/gizzahub/gzh-manager-go/pkg/gen-config/dir_gen_config.go:39.56,41.3 1 0
github.com/gizzahub/gzh-manager-go/pkg/gen-config/dir_gen_config.go:44.70,46.87 2 0
github.com/gizzahub/gzh-manager-go/pkg/gen-config/dir_gen_config.go:46.87,47.17 1 0
github.com/gizzahub/gzh-manager-go/pkg/gen-config/dir_gen_config.go:47.17,49.4 1 0
github.com/gizzahub/gzh-manager-go/pkg/gen-config/dir_gen_config.go:52.3,53.17 2 0
github.com/gizzahub/gzh-manager-go/pkg/gen-config/dir_gen_config.go:53.17,55.4 1 0
github.com/gizzahub/gzh-manager-go/pkg/gen-config/dir_gen_config.go:56.3,58.23 2 0
github.com/gizzahub/gzh-manager-go/pkg/gen-config/dir_gen_config.go:58.23,60.4 1 0
github.com/gizzahub/gzh-manager-go/pkg/gen-config/dir_gen_config.go:62.3,62.44 1 0
github.com/gizzahub/gzh-manager-go/pkg/gen-config/dir_gen_config.go:62.44,65.18 3 0
github.com/gizzahub/gzh-manager-go/pkg/gen-config/dir_gen_config.go:65.18,67.5 1 0
github.com/gizzahub/gzh-manager-go/pkg/gen-config/dir_gen_config.go:68.4,69.27 2 0
github.com/gizzahub/gzh-manager-go/pkg/gen-config/dir_gen_config.go:71.3,71.13 1 0
github.com/gizzahub/gzh-manager-go/pkg/gen-config/dir_gen_config.go:73.2,73.16 1 0
github.com/gizzahub/gzh-manager-go/pkg/gen-config/dir_gen_config.go:73.16,75.3 1 0
github.com/gizzahub/gzh-manager-go/pkg/gen-config/dir_gen_config.go:77.2,77.19 1 0
github.com/gizzahub/gzh-manager-go/pkg/gen-config/dir_gen_config.go:80.58,83.16 3 0
github.com/gizzahub/gzh-manager-go/pkg/gen-config/dir_gen_config.go:83.16,85.3 1 0
github.com/gizzahub/gzh-manager-go/pkg/gen-config/dir_gen_config.go:87.2,87.42 1 0
github.com/gizzahub/gzh-manager-go/pkg/gen-config/dir_gen_config.go:90.46,94.29 3 0
github.com/gizzahub/gzh-manager-go/pkg/gen-config/dir_gen_config.go:94.29,96.22 2 0
github.com/gizzahub/gzh-manager-go/pkg/gen-config/dir_gen_config.go:96.22,100.4 3 0
github.com/gizzahub/gzh-manager-go/pkg/gen-config/dir_gen_config.go:103.2,104.35 2 0
github.com/gizzahub/gzh-manager-go/pkg/gen-config/dir_gen_config.go:104.35,106.3 1 0
github.com/gizzahub/gzh-manager-go/pkg/gen-config/dir_gen_config.go:107.2,107.16 1 0
github.com/gizzahub/gzh-manager-go/pkg/gen-config/dir_gen_config.go:110.36,112.45 2 0
github.com/gizzahub/gzh-manager-go/pkg/gen-config/dir_gen_config.go:112.45,114.3 1 0
github.com/gizzahub/gzh-manager-go/pkg/gen-config/dir_gen_config.go:115.2,115.14 1 0
github.com/gizzahub/gzh-manager-go/pkg/gen-config/dir_gen_config.go:118.61,121.16 3 0
github.com/gizzahub/gzh-manager-go/pkg/gen-config/dir_gen_config.go:121.16,123.3 1 0
github.com/gizzahub/gzh-manager-go/pkg/gen-config/dir_gen_config.go:125.2,125.66 1 0
github.com/gizzahub/gzh-manager-go/pkg/gen-config/dir_gen_config.go:125.66,127.3 1 0
github.com/gizzahub/gzh-manager-go/pkg/gen-config/dir_gen_config.go:129.2,129.12 1 0
github.com/gizzahub/gzh-manager-go/pkg/gen-config/dir_gen_config.go:132.50,139.33 2 0
github.com/gizzahub/gzh-manager-go/pkg/gen-config/dir_gen_config.go:139.33,140.50 1 0
github.com/gizzahub/gzh-manager-go/pkg/gen-config/dir_gen_config.go:140.50,142.4 1 0
github.com/gizzahub/gzh-manager-go/pkg/gen-config/dir_gen_config.go:145.2,145.12 1 0
github.com/gizzahub/gzh-manager-go/internal/testlib/env_checker.go:7.18,11.2 3 0
github.com/gizzahub/gzh-manager-go/internal/testlib/env_checker.go:13.21,15.2 1 0
github.com/gizzahub/gzh-manager-go/pkg/example/example.go:4.24,6.2 1 1
github.com/gizzahub/gzh-manager-go/pkg/example/example.go:9.29,11.2 1 1
github.com/gizzahub/gzh-manager-go/pkg/gogs/gogs_org_clone.go:19.28,22.2 1 0
github.com/gizzahub/gzh-manager-go/pkg/gogs/gogs_org_clone.go:25.39,28.2 2 0
github.com/gizzahub/gzh-manager-go/pkg/gogs/gogs_org_clone.go:31.49,34.2 2 0
github.com/gizzahub/gzh-manager-go/pkg/gogs/gogs_org_clone.go:37.57,42.16 4 0
github.com/gizzahub/gzh-manager-go/pkg/gogs/gogs_org_clone.go:42.16,44.3 1 0
github.com/gizzahub/gzh-manager-go/pkg/gogs/gogs_org_clone.go:46.2,47.16 2 0
github.com/gizzahub/gzh-manager-go/pkg/gogs/gogs_org_clone.go:47.16,49.3 1 0
github.com/gizzahub/gzh-manager-go/cmd/gen-config/gen_config.go:5.39,15.2 3 0
github.com/gizzahub/gzh-manager-go/cmd/gen-config/gen_config_github.go:15.62,17.2 1 0
github.com/gizzahub/gzh-manager-go/cmd/gen-config/gen_config_github.go:19.45,36.2 7 0
github.com/gizzahub/gzh-manager-go/cmd/gen-config/gen_config_github.go:38.77,39.43 1 0
github.com/gizzahub/gzh-manager-go/cmd/gen-config/gen_config_github.go:39.43,41.3 1 0
github.com/gizzahub/gzh-manager-go/cmd/gen-config/gen_config_github.go:43.2,44.16 2 0
github.com/gizzahub/gzh-manager-go/cmd/gen-config/gen_config_github.go:44.16,48.3 1 0
github.com/gizzahub/gzh-manager-go/cmd/gen-config/gen_config_github.go:50.2,50.12 1 0
github.com/gizzahub/gzh-manager-go/cmd/ssh-config/ssh_config.go:5.39,21.2 4 1
github.com/gizzahub/gzh-manager-go/cmd/ssh-config/ssh_config_generate.go:22.66,30.2 2 1
github.com/gizzahub/gzh-manager-go/cmd/ssh-config/ssh_config_generate.go:32.47,72.2 11 1
github.com/gizzahub/gzh-manager-go/cmd/ssh-config/ssh_config_generate.go:74.79,77.24 2 1
github.com/gizzahub/gzh-manager-go/cmd/ssh-config/ssh_config_generate.go:77.24,79.3 1 1
github.com/gizzahub/gzh-manager-go/cmd/ssh-config/ssh_config_generate.go:81.2,82.16 2 1
github.com/gizzahub/gzh-manager-go/cmd/ssh-config/ssh_config_generate.go:82.16,84.3 1 0
github.com/gizzahub/gzh-manager-go/cmd/ssh-config/ssh_config_generate.go:87.2,88.16 2 1
github.com/gizzahub/gzh-manager-go/cmd/ssh-config/ssh_config_generate.go:88.16,90.3 1 0
github.com/gizzahub/gzh-manager-go/cmd/ssh-config/ssh_config_generate.go:92.2,92.14 1 1
github.com/gizzahub/gzh-manager-go/cmd/ssh-config/ssh_config_generate.go:92.14,96.3 3 1
github.com/gizzahub/gzh-manager-go/cmd/ssh-config/ssh_config_generate.go:99.2,100.16 2 1
github.com/gizzahub/gzh-manager-go/cmd/ssh-config/ssh_config_generate.go:100.16,102.3 1 0
github.com/gizzahub/gzh-manager-go/cmd/ssh-config/ssh_config_generate.go:104.2,105.12 2 1
github.com/gizzahub/gzh-manager-go/cmd/ssh-config/ssh_config_generate.go:108.102,120.41 6 1
github.com/gizzahub/gzh-manager-go/cmd/ssh-config/ssh_config_generate.go:120.41,121.33 1 1
github.com/gizzahub/gzh-manager-go/cmd/ssh-config/ssh_config_generate.go:121.33,122.12 1 1
github.com/gizzahub/gzh-manager-go/cmd/ssh-config/ssh_config_generate.go:125.3,126.17 2 1
github.com/gizzahub/gzh-manager-go/cmd/ssh-config/ssh_config_generate.go:126.17,128.4 1 0
github.com/gizzahub/gzh-manager-go/cmd/ssh-config/ssh_config_generate.go:130.3,130.23 1 1
github.com/gizzahub/gzh-manager-go/cmd/ssh-config/ssh_config_generate.go:130.23,133.4 2 1
github.com/gizzahub/gzh-manager-go/cmd/ssh-config/ssh_config_generate.go:137.2,137.35 1 1
github.com/gizzahub/gzh-manager-go/cmd/ssh-config/ssh_config_generate.go:137.35,138.39 1 1
github.com/gizzahub/gzh-manager-go/cmd/ssh-config/ssh_config_generate.go:138.39,140.18 2 1
github.com/gizzahub/gzh-manager-go/cmd/ssh-config/ssh_config_generate.go:140.18,142.5 1 0
github.com/gizzahub/gzh-manager-go/cmd/ssh-config/ssh_config_generate.go:143.4,143.24 1 1
github.com/gizzahub/gzh-manager-go/cmd/ssh-config/ssh_config_generate.go:143.24,146.5 2 1
github.com/gizzahub/gzh-manager-go/cmd/ssh-config/ssh_config_generate.go:149.3,149.41 1 1
github.com/gizzahub/gzh-manager-go/cmd/ssh-config/ssh_config_generate.go:149.41,151.18 2 0
github.com/gizzahub/gzh-manager-go/cmd/ssh-config/ssh_config_generate.go:151.18,153.5 1 0
github.com/gizzahub/gzh-manager-go/cmd/ssh-config/ssh_config_generate.go:154.4,154.24 1 0
github.com/gizzahub/gzh-manager-go/cmd/ssh-config/ssh_config_generate.go:154.24,157.5 2 0
github.com/gizzahub/gzh-manager-go/cmd/ssh-config/ssh_config_generate.go:161.2,161.27 1 1
github.com/gizzahub/gzh-manager-go/cmd/ssh-config/ssh_config_generate.go:161.27,163.3 1 0
github.com/gizzahub/gzh-manager-go/cmd/ssh-config/ssh_config_generate.go:165.2,165.45 1 1
github.com/gizzahub/gzh-manager-go/cmd/ssh-config/ssh_config_generate.go:168.130,171.18 2 1
github.com/gizzahub/gzh-manager-go/cmd/ssh-config/ssh_config_generate.go:172.16,174.48 2 1
github.com/gizzahub/gzh-manager-go/cmd/ssh-config/ssh_config_generate.go:175.16,177.48 2 1
github.com/gizzahub/gzh-manager-go/cmd/ssh-config/ssh_config_generate.go:178.15,180.47 2 0
github.com/gizzahub/gzh-manager-go/cmd/ssh-config/ssh_config_generate.go:181.14,183.46 2 0
github.com/gizzahub/gzh-manager-go/cmd/ssh-config/ssh_config_generate.go:184.10,185.62 1 0
github.com/gizzahub/gzh-manager-go/cmd/ssh-config/ssh_config_generate.go:189.2,189.32 1 1
github.com/gizzahub/gzh-manager-go/cmd/ssh-config/ssh_config_generate.go:189.32,191.3 1 0
github.com/gizzahub/gzh-manager-go/cmd/ssh-config/ssh_config_generate.go:192.2,205.45 10 1
github.com/gizzahub/gzh-manager-go/cmd/ssh-config/ssh_config_generate.go:208.83,220.39 2 1
github.com/gizzahub/gzh-manager-go/cmd/ssh-config/ssh_config_generate.go:220.39,222.45 2 1
github.com/gizzahub/gzh-manager-go/cmd/ssh-config/ssh_config_generate.go:222.45,224.4 1 1
github.com/gizzahub/gzh-manager-go/cmd/ssh-config/ssh_config_generate.go:227.3,227.41 1 1
github.com/gizzahub/gzh-manager-go/cmd/ssh-config/ssh_config_generate.go:227.41,229.53 2 0
github.com/gizzahub/gzh-manager-go/cmd/ssh-config/ssh_config_generate.go:229.53,231.5 1 0
github.com/gizzahub/gzh-manager-go/cmd/ssh-config/ssh_config_generate.go:236.2,236.80 1 1
github.com/gizzahub/gzh-manager-go/cmd/ssh-config/ssh_config_generate.go:239.73,242.50 2 1
github.com/gizzahub/gzh-manager-go/cmd/ssh-config/ssh_config_generate.go:242.50,244.3 1 0
github.com/gizzahub/gzh-manager-go/cmd/ssh-config/ssh_config_generate.go:247.2,248.18 2 1
github.com/gizzahub/gzh-manager-go/cmd/ssh-config/ssh_config_generate.go:248.18,249.57 1 1
github.com/gizzahub/gzh-manager-go/cmd/ssh-config/ssh_config_generate.go:249.57,251.49 2 1
github.com/gizzahub/gzh-manager-go/cmd/ssh-config/ssh_config_generate.go:251.49,253.5 1 0
github.com/gizzahub/gzh-manager-go/cmd/ssh-config/ssh_config_generate.go:258.2,262.16 3 1
github.com/gizzahub/gzh-manager-go/cmd/ssh-config/ssh_config_generate.go:262.16,264.3 1 0
github.com/gizzahub/gzh-manager-go/cmd/ssh-config/ssh_config_generate.go:266.2,266.12 1 1
github.com/gizzahub/gzh-manager-go/cmd/ssh-config/ssh_config_validate.go:20.66,26.2 2 1
github.com/gizzahub/gzh-manager-go/cmd/ssh-config/ssh_config_validate.go:28.47,61.2 9 1
github.com/gizzahub/gzh-manager-go/cmd/ssh-config/ssh_config_validate.go:63.79,66.24 2 1
github.com/gizzahub/gzh-manager-go/cmd/ssh-config/ssh_config_validate.go:66.24,68.3 1 1
github.com/gizzahub/gzh-manager-go/cmd/ssh-config/ssh_config_validate.go:70.2,71.16 2 1
github.com/gizzahub/gzh-manager-go/cmd/ssh-config/ssh_config_validate.go:71.16,73.3 1 0
github.com/gizzahub/gzh-manager-go/cmd/ssh-config/ssh_config_validate.go:76.2,78.22 2 1
github.com/gizzahub/gzh-manager-go/cmd/ssh-config/ssh_config_validate.go:78.22,81.3 2 1
github.com/gizzahub/gzh-manager-go/cmd/ssh-config/ssh_config_validate.go:83.2,84.31 2 1
github.com/gizzahub/gzh-manager-go/cmd/ssh-config/ssh_config_validate.go:84.31,86.3 1 1
github.com/gizzahub/gzh-manager-go/cmd/ssh-config/ssh_config_validate.go:88.2,88.86 1 1
github.com/gizzahub/gzh-manager-go/cmd/ssh-config/ssh_config_validate.go:91.95,95.56 2 1
github.com/gizzahub/gzh-manager-go/cmd/ssh-config/ssh_config_validate.go:95.56,98.3 2 1
github.com/gizzahub/gzh-manager-go/cmd/ssh-config/ssh_config_validate.go:101.2,102.16 2 1
github.com/gizzahub/gzh-manager-go/cmd/ssh-config/ssh_config_validate.go:102.16,105.3 2 0
github.com/gizzahub/gzh-manager-go/cmd/ssh-config/ssh_config_validate.go:107.2,110.65 2 1
github.com/gizzahub/gzh-manager-go/cmd/ssh-config/ssh_config_validate.go:110.65,111.33 1 1
github.com/gizzahub/gzh-manager-go/cmd/ssh-config/ssh_config_validate.go:111.33,113.4 1 1
github.com/gizzahub/gzh-manager-go/cmd/ssh-config/ssh_config_validate.go:117.2,117.51 1 1
github.com/gizzahub/gzh-manager-go/cmd/ssh-config/ssh_config_validate.go:117.51,118.33 1 1
github.com/gizzahub/gzh-manager-go/cmd/ssh-config/ssh_config_validate.go:118.33,120.4 1 1
github.com/gizzahub/gzh-manager-go/cmd/ssh-config/ssh_config_validate.go:124.2,124.41 1 1
github.com/gizzahub/gzh-manager-go/cmd/ssh-config/ssh_config_validate.go:124.41,125.33 1 1
github.com/gizzahub/gzh-manager-go/cmd/ssh-config/ssh_config_validate.go:125.33,126.12 1 0
github.com/gizzahub/gzh-manager-go/cmd/ssh-config/ssh_config_validate.go:129.3,129.77 1 1
github.com/gizzahub/gzh-manager-go/cmd/ssh-config/ssh_config_validate.go:133.2,133.35 1 1
github.com/gizzahub/gzh-manager-go/cmd/ssh-config/ssh_config_validate.go:133.35,134.39 1 1
github.com/gizzahub/gzh-manager-go/cmd/ssh-config/ssh_config_validate.go:134.39,136.4 1 0
github.com/gizzahub/gzh-manager-go/cmd/ssh-config/ssh_config_validate.go:137.3,137.41 1 1
github.com/gizzahub/gzh-manager-go/cmd/ssh-config/ssh_config_validate.go:137.41,139.4 1 0
github.com/gizzahub/gzh-manager-go/cmd/ssh-config/ssh_config_validate.go:142.2,142.15 1 1
github.com/gizzahub/gzh-manager-go/cmd/ssh-config/ssh_config_validate.go:145.123,147.2 1 1
github.com/gizzahub/gzh-manager-go/cmd/ssh-config/ssh_config_validate.go:149.106,156.73 3 1
github.com/gizzahub/gzh-manager-go/cmd/ssh-config/ssh_config_validate.go:156.73,159.3 2 0
github.com/gizzahub/gzh-manager-go/cmd/ssh-config/ssh_config_validate.go:162.2,165.43 3 1
github.com/gizzahub/gzh-manager-go/cmd/ssh-config/ssh_config_validate.go:165.43,166.45 1 1
github.com/gizzahub/gzh-manager-go/cmd/ssh-config/ssh_config_validate.go:166.45,170.49 2 1
github.com/gizzahub/gzh-manager-go/cmd/ssh-config/ssh_config_validate.go:170.49,171.35 1 1
github.com/gizzahub/gzh-manager-go/cmd/ssh-config/ssh_config_validate.go:171.35,173.6 1 1
github.com/gizzahub/gzh-manager-go/cmd/ssh-config/ssh_config_validate.go:177.4,178.57 2 1
github.com/gizzahub/gzh-manager-go/cmd/ssh-config/ssh_config_validate.go:178.57,180.5 1 1
github.com/gizzahub/gzh-manager-go/cmd/ssh-config/ssh_config_validate.go:180.10,182.53 1 1
github.com/gizzahub/gzh-manager-go/cmd/ssh-config/ssh_config_validate.go:182.53,183.36 1 1
github.com/gizzahub/gzh-manager-go/cmd/ssh-config/ssh_config_validate.go:183.36,185.7 1 0
github.com/gizzahub/gzh-manager-go/cmd/ssh-config/ssh_config_validate.go:188.4,188.9 1 1
github.com/gizzahub/gzh-manager-go/cmd/ssh-config/ssh_config_validate.go:192.2,192.15 1 1
github.com/gizzahub/gzh-manager-go/cmd/ssh-config/ssh_config_validate.go:192.15,194.3 1 0
github.com/gizzahub/gzh-manager-go/cmd/ssh-config/ssh_config_validate.go:196.2,196.15 1 1
github.com/gizzahub/gzh-manager-go/cmd/ssh-config/ssh_config_validate.go:199.91,211.39 3 1
github.com/gizzahub/gzh-manager-go/cmd/ssh-config/ssh_config_validate.go:211.39,213.3 1 1
github.com/gizzahub/gzh-manager-go/cmd/ssh-config/ssh_config_validate.go:215.2,215.17 1 1
github.com/gizzahub/gzh-manager-go/cmd/bulk-clone/bulk_clone.go:18.50,22.2 1 1
github.com/gizzahub/gzh-manager-go/cmd/bulk-clone/bulk_clone.go:24.39,56.2 13 1
github.com/gizzahub/gzh-manager-go/cmd/bulk-clone/bulk_clone.go:58.71,61.24 2 1
github.com/gizzahub/gzh-manager-go/cmd/bulk-clone/bulk_clone.go:61.24,63.3 1 1
github.com/gizzahub/gzh-manager-go/cmd/bulk-clone/bulk_clone.go:65.2,66.16 2 1
github.com/gizzahub/gzh-manager-go/cmd/bulk-clone/bulk_clone.go:66.16,68.3 1 1
github.com/gizzahub/gzh-manager-go/cmd/bulk-clone/bulk_clone.go:71.2,71.76 1 1
github.com/gizzahub/gzh-manager-go/cmd/bulk-clone/bulk_clone.go:71.76,73.3 1 1
github.com/gizzahub/gzh-manager-go/cmd/bulk-clone/bulk_clone.go:76.2,76.41 1 1
github.com/gizzahub/gzh-manager-go/cmd/bulk-clone/bulk_clone.go:76.41,82.28 3 1
github.com/gizzahub/gzh-manager-go/cmd/bulk-clone/bulk_clone.go:83.17,85.18 2 1
github.com/gizzahub/gzh-manager-go/cmd/bulk-clone/bulk_clone.go:85.18,87.13 2 1
github.com/gizzahub/gzh-manager-go/cmd/bulk-clone/bulk_clone.go:89.17,93.18 2 1
github.com/gizzahub/gzh-manager-go/cmd/bulk-clone/bulk_clone.go:93.18,95.13 2 1
github.com/gizzahub/gzh-manager-go/cmd/bulk-clone/bulk_clone.go:97.11,99.12 2 0
github.com/gizzahub/gzh-manager-go/cmd/bulk-clone/bulk_clone.go:102.3,102.88 1 0
github.com/gizzahub/gzh-manager-go/cmd/bulk-clone/bulk_clone.go:106.2,106.38 1 1
github.com/gizzahub/gzh-manager-go/cmd/bulk-clone/bulk_clone.go:106.38,110.17 4 1
github.com/gizzahub/gzh-manager-go/cmd/bulk-clone/bulk_clone.go:110.17,112.4 1 1
github.com/gizzahub/gzh-manager-go/cmd/bulk-clone/bulk_clone.go:112.9,114.4 1 0
github.com/gizzahub/gzh-manager-go/cmd/bulk-clone/bulk_clone.go:117.2,117.40 1 1
github.com/gizzahub/gzh-manager-go/cmd/bulk-clone/bulk_clone.go:117.40,121.17 4 1
github.com/gizzahub/gzh-manager-go/cmd/bulk-clone/bulk_clone.go:121.17,123.4 1 1
github.com/gizzahub/gzh-manager-go/cmd/bulk-clone/bulk_clone.go:123.9,125.4 1 0
github.com/gizzahub/gzh-manager-go/cmd/bulk-clone/bulk_clone.go:128.2,129.12 2 1
github.com/gizzahub/gzh-manager-go/cmd/bulk-clone/bulk_clone_gitea.go:15.60,19.2 1 1
github.com/gizzahub/gzh-manager-go/cmd/bulk-clone/bulk_clone_gitea.go:21.44,36.2 6 1
github.com/gizzahub/gzh-manager-go/cmd/bulk-clone/bulk_clone_gitea.go:38.76,39.43 1 0
github.com/gizzahub/gzh-manager-go/cmd/bulk-clone/bulk_clone_gitea.go:39.43,41.3 1 0
github.com/gizzahub/gzh-manager-go/cmd/bulk-clone/bulk_clone_gitea.go:44.2,44.76 1 0
github.com/gizzahub/gzh-manager-go/cmd/bulk-clone/bulk_clone_gitea.go:44.76,46.3 1 0
github.com/gizzahub/gzh-manager-go/cmd/bulk-clone/bulk_clone_gitea.go:53.2,53.12 1 0
github.com/gizzahub/gzh-manager-go/cmd/bulk-clone/bulk_clone_github.go:19.62,23.2 1 1
github.com/gizzahub/gzh-manager-go/cmd/bulk-clone/bulk_clone_github.go:25.45,47.2 11 1
github.com/gizzahub/gzh-manager-go/cmd/bulk-clone/bulk_clone_github.go:49.77,51.39 1 1
github.com/gizzahub/gzh-manager-go/cmd/bulk-clone/bulk_clone_github.go:51.39,53.17 2 0
github.com/gizzahub/gzh-manager-go/cmd/bulk-clone/bulk_clone_github.go:53.17,55.4 1 0
github.com/gizzahub/gzh-manager-go/cmd/bulk-clone/bulk_clone_github.go:58.2,58.43 1 1
github.com/gizzahub/gzh-manager-go/cmd/bulk-clone/bulk_clone_github.go:58.43,60.3 1 1
github.com/gizzahub/gzh-manager-go/cmd/bulk-clone/bulk_clone_github.go:63.2,63.76 1 1
github.com/gizzahub/gzh-manager-go/cmd/bulk-clone/bulk_clone_github.go:63.76,65.3 1 1
github.com/gizzahub/gzh-manager-go/cmd/bulk-clone/bulk_clone_github.go:67.2,68.16 2 1
github.com/gizzahub/gzh-manager-go/cmd/bulk-clone/bulk_clone_github.go:68.16,72.3 1 1
github.com/gizzahub/gzh-manager-go/cmd/bulk-clone/bulk_clone_github.go:74.2,74.12 1 0
github.com/gizzahub/gzh-manager-go/cmd/bulk-clone/bulk_clone_github.go:77.57,79.24 2 1
github.com/gizzahub/gzh-manager-go/cmd/bulk-clone/bulk_clone_github.go:79.24,81.3 1 1
github.com/gizzahub/gzh-manager-go/cmd/bulk-clone/bulk_clone_github.go:83.2,84.16 2 1
github.com/gizzahub/gzh-manager-go/cmd/bulk-clone/bulk_clone_github.go:84.16,86.3 1 0
github.com/gizzahub/gzh-manager-go/cmd/bulk-clone/bulk_clone_github.go:89.2,89.21 1 1
github.com/gizzahub/gzh-manager-go/cmd/bulk-clone/bulk_clone_github.go:89.21,92.29 1 0
github.com/gizzahub/gzh-manager-go/cmd/bulk-clone/bulk_clone_github.go:92.29,94.4 1 0
github.com/gizzahub/gzh-manager-go/cmd/bulk-clone/bulk_clone_github.go:94.9,94.46 1 0
github.com/gizzahub/gzh-manager-go/cmd/bulk-clone/bulk_clone_github.go:94.46,96.4 1 0
github.com/gizzahub/gzh-manager-go/cmd/bulk-clone/bulk_clone_github.go:96.9,98.4 1 0
github.com/gizzahub/gzh-manager-go/cmd/bulk-clone/bulk_clone_github.go:102.2,103.16 2 1
github.com/gizzahub/gzh-manager-go/cmd/bulk-clone/bulk_clone_github.go:103.16,105.3 1 0
github.com/gizzahub/gzh-manager-go/cmd/bulk-clone/bulk_clone_github.go:108.2,108.52 1 1
github.com/gizzahub/gzh-manager-go/cmd/bulk-clone/bulk_clone_github.go:108.52,110.3 1 1
github.com/gizzahub/gzh-manager-go/cmd/bulk-clone/bulk_clone_github.go:115.2,115.12 1 1
github.com/gizzahub/gzh-manager-go/cmd/bulk-clone/bulk_clone_gitlab.go:20.62,24.2 1 1
github.com/gizzahub/gzh-manager-go/cmd/bulk-clone/bulk_clone_gitlab.go:26.45,49.2 12 1
github.com/gizzahub/gzh-manager-go/cmd/bulk-clone/bulk_clone_gitlab.go:51.77,53.39 1 1
github.com/gizzahub/gzh-manager-go/cmd/bulk-clone/bulk_clone_gitlab.go:53.39,55.17 2 0
github.com/gizzahub/gzh-manager-go/cmd/bulk-clone/bulk_clone_gitlab.go:55.17,57.4 1 0
github.com/gizzahub/gzh-manager-go/cmd/bulk-clone/bulk_clone_gitlab.go:60.2,60.45 1 1
github.com/gizzahub/gzh-manager-go/cmd/bulk-clone/bulk_clone_gitlab.go:60.45,62.3 1 0
github.com/gizzahub/gzh-manager-go/cmd/bulk-clone/bulk_clone_gitlab.go:65.2,65.76 1 1
github.com/gizzahub/gzh-manager-go/cmd/bulk-clone/bulk_clone_gitlab.go:65.76,67.3 1 1
github.com/gizzahub/gzh-manager-go/cmd/bulk-clone/bulk_clone_gitlab.go:69.2,70.16 2 1
github.com/gizzahub/gzh-manager-go/cmd/bulk-clone/bulk_clone_gitlab.go:70.16,72.3 1 1
github.com/gizzahub/gzh-manager-go/cmd/bulk-clone/bulk_clone_gitlab.go:74.2,74.12 1 0
github.com/gizzahub/gzh-manager-go/cmd/bulk-clone/bulk_clone_gitlab.go:77.57,79.24 2 1
github.com/gizzahub/gzh-manager-go/cmd/bulk-clone/bulk_clone_gitlab.go:79.24,81.3 1 1
github.com/gizzahub/gzh-manager-go/cmd/bulk-clone/bulk_clone_gitlab.go:83.2,84.16 2 1
github.com/gizzahub/gzh-manager-go/cmd/bulk-clone/bulk_clone_gitlab.go:84.16,86.3 1 0
github.com/gizzahub/gzh-manager-go/cmd/bulk-clone/bulk_clone_gitlab.go:89.2,89.23 1 1
github.com/gizzahub/gzh-manager-go/cmd/bulk-clone/bulk_clone_gitlab.go:89.23,90.41 1 0
github.com/gizzahub/gzh-manager-go/cmd/bulk-clone/bulk_clone_gitlab.go:90.41,92.4 1 0
github.com/gizzahub/gzh-manager-go/cmd/bulk-clone/bulk_clone_gitlab.go:92.9,94.4 1 0
github.com/gizzahub/gzh-manager-go/cmd/bulk-clone/bulk_clone_gitlab.go:98.2,99.16 2 1
github.com/gizzahub/gzh-manager-go/cmd/bulk-clone/bulk_clone_gitlab.go:99.16,101.3 1 0
github.com/gizzahub/gzh-manager-go/cmd/bulk-clone/bulk_clone_gitlab.go:104.2,104.54 1 1
github.com/gizzahub/gzh-manager-go/cmd/bulk-clone/bulk_clone_gitlab.go:104.54,106.3 1 1
github.com/gizzahub/gzh-manager-go/cmd/bulk-clone/bulk_clone_gitlab.go:108.2,108.45 1 1
github.com/gizzahub/gzh-manager-go/cmd/bulk-clone/bulk_clone_gitlab.go:108.45,110.3 1 1
github.com/gizzahub/gzh-manager-go/cmd/bulk-clone/bulk_clone_gitlab.go:112.2,112.12 1 1
github.com/gizzahub/gzh-manager-go/cmd/bulk-clone/bulk_clone_gogs.go:15.58,19.2 1 1
github.com/gizzahub/gzh-manager-go/cmd/bulk-clone/bulk_clone_gogs.go:21.43,39.2 8 1
github.com/gizzahub/gzh-manager-go/cmd/bulk-clone/bulk_clone_gogs.go:41.75,42.43 1 0
github.com/gizzahub/gzh-manager-go/cmd/bulk-clone/bulk_clone_gogs.go:42.43,44.3 1 0
github.com/gizzahub/gzh-manager-go/cmd/bulk-clone/bulk_clone_gogs.go:47.2,47.76 1 0
github.com/gizzahub/gzh-manager-go/cmd/bulk-clone/bulk_clone_gogs.go:47.76,49.3 1 0
github.com/gizzahub/gzh-manager-go/cmd/bulk-clone/bulk_clone_gogs.go:57.2,57.12 1 0
github.com/gizzahub/gzh-manager-go/cmd/bulk-clone/bulk_clone_validate.go:14.66,16.2 1 1
github.com/gizzahub/gzh-manager-go/cmd/bulk-clone/bulk_clone_validate.go:18.47,44.2 5 1
github.com/gizzahub/gzh-manager-go/cmd/bulk-clone/bulk_clone_validate.go:46.81,49.38 2 0
github.com/gizzahub/gzh-manager-go/cmd/bulk-clone/bulk_clone_validate.go:49.38,51.3 1 0
github.com/gizzahub/gzh-manager-go/cmd/bulk-clone/bulk_clone_validate.go:53.2,54.15 2 0
github.com/gizzahub/gzh-manager-go/cmd/bulk-clone/bulk_clone_validate.go:54.15,56.17 2 0
github.com/gizzahub/gzh-manager-go/cmd/bulk-clone/bulk_clone_validate.go:56.17,58.4 1 0
github.com/gizzahub/gzh-manager-go/cmd/bulk-clone/bulk_clone_validate.go:59.3,60.55 2 0
github.com/gizzahub/gzh-manager-go/cmd/bulk-clone/bulk_clone_validate.go:61.8,63.3 1 0
github.com/gizzahub/gzh-manager-go/cmd/bulk-clone/bulk_clone_validate.go:66.2,67.16 2 0
github.com/gizzahub/gzh-manager-go/cmd/bulk-clone/bulk_clone_validate.go:67.16,69.3 1 0
github.com/gizzahub/gzh-manager-go/cmd/bulk-clone/bulk_clone_validate.go:72.2,72.71 1 0
github.com/gizzahub/gzh-manager-go/cmd/bulk-clone/bulk_clone_validate.go:72.71,74.3 1 0
github.com/gizzahub/gzh-manager-go/cmd/bulk-clone/bulk_clone_validate.go:77.2,83.12 6 0
github.com/gizzahub/gzh-manager-go/pkg/bulk-clone/bulk_clone_config.go:64.39,67.2 2 1
github.com/gizzahub/gzh-manager-go/pkg/bulk-clone/bulk_clone_config.go:69.66,71.2 1 0
github.com/gizzahub/gzh-manager-go/pkg/bulk-clone/bulk_clone_config.go:73.65,75.16 2 1
github.com/gizzahub/gzh-manager-go/pkg/bulk-clone/bulk_clone_config.go:75.16,77.3 1 1
github.com/gizzahub/gzh-manager-go/pkg/bulk-clone/bulk_clone_config.go:79.2,80.16 2 1
github.com/gizzahub/gzh-manager-go/pkg/bulk-clone/bulk_clone_config.go:80.16,82.3 1 0
github.com/gizzahub/gzh-manager-go/pkg/bulk-clone/bulk_clone_config.go:84.2,85.16 2 1
github.com/gizzahub/gzh-manager-go/pkg/bulk-clone/bulk_clone_config.go:85.16,88.3 2 1
github.com/gizzahub/gzh-manager-go/pkg/bulk-clone/bulk_clone_config.go:90.2,90.12 1 1
github.com/gizzahub/gzh-manager-go/pkg/bulk-clone/bulk_clone_config.go:94.82,96.16 2 1
github.com/gizzahub/gzh-manager-go/pkg/bulk-clone/bulk_clone_config.go:96.16,98.3 1 0
github.com/gizzahub/gzh-manager-go/pkg/bulk-clone/bulk_clone_config.go:100.2,101.16 2 1
github.com/gizzahub/gzh-manager-go/pkg/bulk-clone/bulk_clone_config.go:101.16,103.3 1 0
github.com/gizzahub/gzh-manager-go/pkg/bulk-clone/bulk_clone_config.go:105.2,105.12 1 1
github.com/gizzahub/gzh-manager-go/pkg/bulk-clone/bulk_clone_config.go:109.66,111.51 2 0
github.com/gizzahub/gzh-manager-go/pkg/bulk-clone/bulk_clone_config.go:111.51,113.3 1 0
github.com/gizzahub/gzh-manager-go/pkg/bulk-clone/bulk_clone_config.go:124.39,126.27 2 1
github.com/gizzahub/gzh-manager-go/pkg/bulk-clone/bulk_clone_config.go:126.27,127.26 1 1
github.com/gizzahub/gzh-manager-go/pkg/bulk-clone/bulk_clone_config.go:127.26,130.15 2 1
github.com/gizzahub/gzh-manager-go/pkg/bulk-clone/bulk_clone_config.go:130.15,132.5 1 0
github.com/gizzahub/gzh-manager-go/pkg/bulk-clone/bulk_clone_config.go:135.4,135.26 1 1
github.com/gizzahub/gzh-manager-go/pkg/bulk-clone/bulk_clone_config.go:135.26,137.5 1 1
github.com/gizzahub/gzh-manager-go/pkg/bulk-clone/bulk_clone_config.go:139.4,139.35 1 1
github.com/gizzahub/gzh-manager-go/pkg/bulk-clone/bulk_clone_config.go:145.52,149.2 2 1
github.com/gizzahub/gzh-manager-go/pkg/bulk-clone/config_loader.go:28.32,36.16 4 1
github.com/gizzahub/gzh-manager-go/pkg/bulk-clone/config_loader.go:36.16,39.3 2 1
github.com/gizzahub/gzh-manager-go/pkg/bulk-clone/config_loader.go:42.2,45.14 3 1
github.com/gizzahub/gzh-manager-go/pkg/bulk-clone/config_loader.go:49.39,57.16 4 1
github.com/gizzahub/gzh-manager-go/pkg/bulk-clone/config_loader.go:57.16,62.3 4 1
github.com/gizzahub/gzh-manager-go/pkg/bulk-clone/config_loader.go:64.2,64.14 1 1
github.com/gizzahub/gzh-manager-go/pkg/bulk-clone/config_loader.go:68.39,70.60 1 1
github.com/gizzahub/gzh-manager-go/pkg/bulk-clone/config_loader.go:70.60,71.26 1 1
github.com/gizzahub/gzh-manager-go/pkg/bulk-clone/config_loader.go:71.26,73.4 1 1
github.com/gizzahub/gzh-manager-go/pkg/bulk-clone/config_loader.go:74.3,74.91 1 1
github.com/gizzahub/gzh-manager-go/pkg/bulk-clone/config_loader.go:78.2,78.40 1 1
github.com/gizzahub/gzh-manager-go/pkg/bulk-clone/config_loader.go:78.40,79.23 1 1
github.com/gizzahub/gzh-manager-go/pkg/bulk-clone/config_loader.go:79.23,81.4 1 1
github.com/gizzahub/gzh-manager-go/pkg/bulk-clone/config_loader.go:84.2,84.69 1 0
github.com/gizzahub/gzh-manager-go/pkg/bulk-clone/config_loader.go:88.62,89.22 1 1
github.com/gizzahub/gzh-manager-go/pkg/bulk-clone/config_loader.go:89.22,91.17 2 0
github.com/gizzahub/gzh-manager-go/pkg/bulk-clone/config_loader.go:91.17,93.4 1 0
github.com/gizzahub/gzh-manager-go/pkg/bulk-clone/config_loader.go:94.3,94.20 1 0
github.com/gizzahub/gzh-manager-go/pkg/bulk-clone/config_loader.go:98.2,99.51 2 1
github.com/gizzahub/gzh-manager-go/pkg/bulk-clone/config_loader.go:99.51,101.3 1 1
github.com/gizzahub/gzh-manager-go/pkg/bulk-clone/config_loader.go:104.2,104.44 1 1
github.com/gizzahub/gzh-manager-go/pkg/bulk-clone/config_loader.go:104.44,106.3 1 0
github.com/gizzahub/gzh-manager-go/pkg/bulk-clone/config_loader.go:108.2,108.17 1 1
github.com/gizzahub/gzh-manager-go/pkg/bulk-clone/config_loader.go:112.96,115.49 2 1
github.com/gizzahub/gzh-manager-go/pkg/bulk-clone/config_loader.go:115.49,117.3 1 0
github.com/gizzahub/gzh-manager-go/pkg/bulk-clone/config_loader.go:120.2,120.43 1 1
github.com/gizzahub/gzh-manager-go/pkg/bulk-clone/config_loader.go:120.43,121.30 1 1
github.com/gizzahub/gzh-manager-go/pkg/bulk-clone/config_loader.go:121.30,122.56 1 1
github.com/gizzahub/gzh-manager-go/pkg/bulk-clone/config_loader.go:122.56,124.5 1 0
github.com/gizzahub/gzh-manager-go/pkg/bulk-clone/config_loader.go:128.2,128.17 1 1
github.com/gizzahub/gzh-manager-go/pkg/bulk-clone/config_loader.go:132.90,134.37 1 1
github.com/gizzahub/gzh-manager-go/pkg/bulk-clone/config_loader.go:134.37,135.30 1 1
github.com/gizzahub/gzh-manager-go/pkg/bulk-clone/config_loader.go:135.30,137.4 1 1
github.com/gizzahub/gzh-manager-go/pkg/bulk-clone/config_loader.go:141.2,141.43 1 1
github.com/gizzahub/gzh-manager-go/pkg/bulk-clone/config_loader.go:141.43,148.3 1 1
github.com/gizzahub/gzh-manager-go/pkg/bulk-clone/config_loader.go:150.2,150.80 1 1
github.com/gizzahub/gzh-manager-go/pkg/bulk-clone/config_loader.go:154.94,157.47 1 0
github.com/gizzahub/gzh-manager-go/pkg/bulk-clone/config_loader.go:157.47,166.3 1 0
github.com/gizzahub/gzh-manager-go/pkg/bulk-clone/config_loader.go:168.2,168.75 1 0
github.com/gizzahub/gzh-manager-go/pkg/bulk-clone/config_loader.go:172.37,173.16 1 1
github.com/gizzahub/gzh-manager-go/pkg/bulk-clone/config_loader.go:173.16,175.3 1 1
github.com/gizzahub/gzh-manager-go/pkg/bulk-clone/config_loader.go:178.2,178.35 1 1
github.com/gizzahub/gzh-manager-go/pkg/bulk-clone/config_loader.go:178.35,179.51 1 1
github.com/gizzahub/gzh-manager-go/pkg/bulk-clone/config_loader.go:179.51,181.4 1 1
github.com/gizzahub/gzh-manager-go/pkg/bulk-clone/config_loader.go:185.2,187.13 2 1
github.com/gizzahub/gzh-manager-go/pkg/bulk-clone/config_loader.go:191.51,194.43 2 1
github.com/gizzahub/gzh-manager-go/pkg/bulk-clone/config_loader.go:194.43,195.30 1 1
github.com/gizzahub/gzh-manager-go/pkg/bulk-clone/config_loader.go:195.30,196.56 1 0
github.com/gizzahub/gzh-manager-go/pkg/bulk-clone/config_loader.go:196.56,198.5 1 0
github.com/gizzahub/gzh-manager-go/pkg/bulk-clone/config_loader.go:202.2,202.12 1 1
github.com/gizzahub/gzh-manager-go/pkg/bulk-clone/config_loader.go:206.68,208.73 2 1
github.com/gizzahub/gzh-manager-go/pkg/bulk-clone/config_loader.go:208.73,210.3 1 0
github.com/gizzahub/gzh-manager-go/pkg/bulk-clone/config_loader.go:213.2,216.45 2 1
github.com/gizzahub/gzh-manager-go/pkg/bulk-clone/config_loader.go:216.45,218.3 1 0
github.com/gizzahub/gzh-manager-go/pkg/bulk-clone/config_loader.go:220.2,220.12 1 1
github.com/gizzahub/gzh-manager-go/pkg/bulk-clone/config_loader.go:224.67,226.27 1 1
github.com/gizzahub/gzh-manager-go/pkg/bulk-clone/config_loader.go:226.27,228.3 1 1
github.com/gizzahub/gzh-manager-go/pkg/bulk-clone/config_loader.go:231.2,237.39 3 1
github.com/gizzahub/gzh-manager-go/pkg/bulk-clone/config_loader.go:241.77,243.35 1 1
github.com/gizzahub/gzh-manager-go/pkg/bulk-clone/config_loader.go:243.35,245.3 1 1
github.com/gizzahub/gzh-manager-go/pkg/bulk-clone/config_loader.go:248.2,248.42 1 1
github.com/gizzahub/gzh-manager-go/pkg/bulk-clone/config_loader.go:248.42,250.3 1 1
github.com/gizzahub/gzh-manager-go/pkg/bulk-clone/config_loader.go:251.2,251.42 1 1
github.com/gizzahub/gzh-manager-go/pkg/bulk-clone/config_loader.go:251.42,253.3 1 0
github.com/gizzahub/gzh-manager-go/pkg/bulk-clone/config_loader.go:254.2,254.42 1 1
github.com/gizzahub/gzh-manager-go/pkg/bulk-clone/config_loader.go:254.42,256.3 1 0
github.com/gizzahub/gzh-manager-go/pkg/bulk-clone/config_loader.go:257.2,257.41 1 1
github.com/gizzahub/gzh-manager-go/pkg/bulk-clone/config_loader.go:257.41,259.3 1 1
github.com/gizzahub/gzh-manager-go/pkg/bulk-clone/config_loader.go:262.2,262.42 1 1
github.com/gizzahub/gzh-manager-go/pkg/bulk-clone/config_loader.go:262.42,264.3 1 0
github.com/gizzahub/gzh-manager-go/pkg/bulk-clone/config_loader.go:265.2,265.42 1 1
github.com/gizzahub/gzh-manager-go/pkg/bulk-clone/config_loader.go:265.42,267.3 1 0
github.com/gizzahub/gzh-manager-go/pkg/bulk-clone/config_loader.go:268.2,268.37 1 1
github.com/gizzahub/gzh-manager-go/pkg/bulk-clone/config_loader.go:268.37,270.3 1 0
github.com/gizzahub/gzh-manager-go/pkg/bulk-clone/config_loader.go:271.2,271.42 1 1
github.com/gizzahub/gzh-manager-go/pkg/bulk-clone/config_loader.go:271.42,273.3 1 0
github.com/gizzahub/gzh-manager-go/pkg/bulk-clone/config_loader.go:274.2,274.43 1 1
github.com/gizzahub/gzh-manager-go/pkg/bulk-clone/config_loader.go:274.43,276.3 1 0
github.com/gizzahub/gzh-manager-go/pkg/bulk-clone/config_loader.go:278.2,278.37 1 1
github.com/gizzahub/gzh-manager-go/pkg/bulk-clone/config_loader.go:278.37,280.3 1 1
github.com/gizzahub/gzh-manager-go/pkg/bulk-clone/config_loader.go:284.80,285.47 1 1
github.com/gizzahub/gzh-manager-go/pkg/bulk-clone/config_loader.go:285.47,288.46 2 1
github.com/gizzahub/gzh-manager-go/pkg/bulk-clone/config_loader.go:288.46,289.51 1 1
github.com/gizzahub/gzh-manager-go/pkg/bulk-clone/config_loader.go:289.51,292.10 3 1
github.com/gizzahub/gzh-manager-go/pkg/bulk-clone/config_loader.go:296.3,296.13 1 1
github.com/gizzahub/gzh-manager-go/pkg/bulk-clone/config_loader.go:296.13,298.4 1 1
github.com/gizzahub/gzh-manager-go/pkg/bulk-clone/schema_validator.go:15.43,23.29 2 1
github.com/gizzahub/gzh-manager-go/pkg/bulk-clone/schema_validator.go:23.29,24.49 1 1
github.com/gizzahub/gzh-manager-go/pkg/bulk-clone/schema_validator.go:24.49,26.4 1 1
github.com/gizzahub/gzh-manager-go/pkg/bulk-clone/schema_validator.go:30.2,30.33 1 0
github.com/gizzahub/gzh-manager-go/pkg/bulk-clone/schema_validator.go:168.56,174.51 3 1
github.com/gizzahub/gzh-manager-go/pkg/bulk-clone/schema_validator.go:174.51,176.3 1 1
github.com/gizzahub/gzh-manager-go/pkg/bulk-clone/schema_validator.go:179.2,180.16 2 1
github.com/gizzahub/gzh-manager-go/pkg/bulk-clone/schema_validator.go:180.16,182.3 1 0
github.com/gizzahub/gzh-manager-go/pkg/bulk-clone/schema_validator.go:185.2,189.16 3 1
github.com/gizzahub/gzh-manager-go/pkg/bulk-clone/schema_validator.go:189.16,191.3 1 0
github.com/gizzahub/gzh-manager-go/pkg/bulk-clone/schema_validator.go:193.2,193.21 1 1
github.com/gizzahub/gzh-manager-go/pkg/bulk-clone/schema_validator.go:193.21,195.39 2 1
github.com/gizzahub/gzh-manager-go/pkg/bulk-clone/schema_validator.go:195.39,197.4 1 1
github.com/gizzahub/gzh-manager-go/pkg/bulk-clone/schema_validator.go:198.3,198.80 1 1
github.com/gizzahub/gzh-manager-go/pkg/bulk-clone/schema_validator.go:201.2,201.12 1 1
github.com/gizzahub/gzh-manager-go/pkg/bulk-clone/schema_validator.go:205.57,208.16 2 1
github.com/gizzahub/gzh-manager-go/pkg/bulk-clone/schema_validator.go:208.16,210.3 1 0
github.com/gizzahub/gzh-manager-go/pkg/bulk-clone/schema_validator.go:212.2,213.63 2 1
github.com/gizzahub/gzh-manager-go/pkg/bulk-clone/schema_validator.go:213.63,215.3 1 0
github.com/gizzahub/gzh-manager-go/pkg/bulk-clone/schema_validator.go:218.2,218.34 1 1
github.com/gizzahub/gzh-manager-go/pkg/bulk-clone/schema_validator.go:222.52,223.20 1 1
github.com/gizzahub/gzh-manager-go/pkg/bulk-clone/schema_validator.go:223.20,225.3 1 0
github.com/gizzahub/gzh-manager-go/pkg/bulk-clone/schema_validator.go:226.2,227.33 2 1
github.com/gizzahub/gzh-manager-go/pkg/bulk-clone/schema_validator.go:227.33,229.3 1 0
github.com/gizzahub/gzh-manager-go/pkg/bulk-clone/schema_validator.go:230.2,230.15 1 1
github.com/gizzahub/gzh-manager-go/pkg/bulk-clone/url_builder.go:14.65,19.2 1 1
github.com/gizzahub/gzh-manager-go/pkg/bulk-clone/url_builder.go:22.67,23.20 1 1
github.com/gizzahub/gzh-manager-go/pkg/bulk-clone/url_builder.go:24.13,25.72 1 1
github.com/gizzahub/gzh-manager-go/pkg/bulk-clone/url_builder.go:26.15,27.76 1 1
github.com/gizzahub/gzh-manager-go/pkg/bulk-clone/url_builder.go:28.14,29.75 1 1
github.com/gizzahub/gzh-manager-go/pkg/bulk-clone/url_builder.go:30.10,32.76 1 1
github.com/gizzahub/gzh-manager-go/pkg/bulk-clone/url_builder.go:38.66,39.25 1 1
github.com/gizzahub/gzh-manager-go/pkg/bulk-clone/url_builder.go:39.25,41.3 1 1
github.com/gizzahub/gzh-manager-go/pkg/bulk-clone/url_builder.go:44.2,44.20 1 1
github.com/gizzahub/gzh-manager-go/pkg/bulk-clone/url_builder.go:45.20,46.43 1 1
github.com/gizzahub/gzh-manager-go/pkg/bulk-clone/url_builder.go:47.20,48.43 1 1
github.com/gizzahub/gzh-manager-go/pkg/bulk-clone/url_builder.go:49.19,50.42 1 1
github.com/gizzahub/gzh-manager-go/pkg/bulk-clone/url_builder.go:51.18,52.41 1 1
github.com/gizzahub/gzh-manager-go/pkg/bulk-clone/url_builder.go:53.10,55.20 1 1
github.com/gizzahub/gzh-manager-go/pkg/bulk-clone/url_builder.go:60.80,61.25 1 1
github.com/gizzahub/gzh-manager-go/pkg/bulk-clone/url_builder.go:61.25,64.3 2 1
github.com/gizzahub/gzh-manager-go/pkg/bulk-clone/url_builder.go:66.2,66.38 1 1
github.com/gizzahub/gzh-manager-go/pkg/bulk-clone/url_builder.go:70.49,71.18 1 1
github.com/gizzahub/gzh-manager-go/pkg/bulk-clone/url_builder.go:72.16,73.22 1 1
github.com/gizzahub/gzh-manager-go/pkg/bulk-clone/url_builder.go:74.16,75.22 1 1
github.com/gizzahub/gzh-manager-go/pkg/bulk-clone/url_builder.go:76.15,77.21 1 1
github.com/gizzahub/gzh-manager-go/pkg/bulk-clone/url_builder.go:78.14,79.20 1 1
github.com/gizzahub/gzh-manager-go/pkg/bulk-clone/url_builder.go:80.10,81.18 1 1
github.com/gizzahub/gzh-manager-go/pkg/bulk-clone/url_builder.go:86.79,90.2 3 1
github.com/gizzahub/gzh-manager-go/pkg/bulk-clone/url_builder.go:93.92,97.2 3 1
github.com/gizzahub/gzh-manager-go/pkg/github/github_org_clone.go:23.64,26.16 3 0
github.com/gizzahub/gzh-manager-go/pkg/github/github_org_clone.go:26.16,28.3 1 0
github.com/gizzahub/gzh-manager-go/pkg/github/github_org_clone.go:29.2,31.38 2 0
github.com/gizzahub/gzh-manager-go/pkg/github/github_org_clone.go:31.38,33.3 1 0
github.com/gizzahub/gzh-manager-go/pkg/github/github_org_clone.go:35.2,36.69 2 0
github.com/gizzahub/gzh-manager-go/pkg/github/github_org_clone.go:36.69,38.3 1 0
github.com/gizzahub/gzh-manager-go/pkg/github/github_org_clone.go:40.2,40.36 1 0
github.com/gizzahub/gzh-manager-go/pkg/github/github_org_clone.go:43.41,46.16 3 0
github.com/gizzahub/gzh-manager-go/pkg/github/github_org_clone.go:46.16,48.3 1 0
github.com/gizzahub/gzh-manager-go/pkg/github/github_org_clone.go:49.2,51.38 2 0
github.com/gizzahub/gzh-manager-go/pkg/github/github_org_clone.go:51.38,57.17 3 0
github.com/gizzahub/gzh-manager-go/pkg/github/github_org_clone.go:57.17,63.4 5 0
github.com/gizzahub/gzh-manager-go/pkg/github/github_org_clone.go:65.3,65.72 1 0
github.com/gizzahub/gzh-manager-go/pkg/github/github_org_clone.go:68.2,71.66 2 0
github.com/gizzahub/gzh-manager-go/pkg/github/github_org_clone.go:71.66,73.3 1 0
github.com/gizzahub/gzh-manager-go/pkg/github/github_org_clone.go:75.2,76.29 2 0
github.com/gizzahub/gzh-manager-go/pkg/github/github_org_clone.go:76.29,78.3 1 0
github.com/gizzahub/gzh-manager-go/pkg/github/github_org_clone.go:80.2,80.23 1 0
github.com/gizzahub/gzh-manager-go/pkg/github/github_org_clone.go:83.62,107.34 7 0
github.com/gizzahub/gzh-manager-go/pkg/github/github_org_clone.go:107.34,112.3 4 0
github.com/gizzahub/gzh-manager-go/pkg/github/github_org_clone.go:113.2,115.12 2 0
github.com/gizzahub/gzh-manager-go/pkg/github/github_org_clone.go:120.71,123.16 2 0
github.com/gizzahub/gzh-manager-go/pkg/github/github_org_clone.go:123.16,125.3 1 0
github.com/gizzahub/gzh-manager-go/pkg/github/github_org_clone.go:128.2,129.16 2 0
github.com/gizzahub/gzh-manager-go/pkg/github/github_org_clone.go:129.16,131.3 1 0
github.com/gizzahub/gzh-manager-go/pkg/github/github_org_clone.go:134.2,143.35 2 0
github.com/gizzahub/gzh-manager-go/pkg/github/github_org_clone.go:143.35,146.57 3 0
github.com/gizzahub/gzh-manager-go/pkg/github/github_org_clone.go:146.57,147.49 1 0
github.com/gizzahub/gzh-manager-go/pkg/github/github_org_clone.go:147.49,149.5 1 0
github.com/gizzahub/gzh-manager-go/pkg/github/github_org_clone.go:154.2,156.32 3 0
github.com/gizzahub/gzh-manager-go/pkg/github/github_org_clone.go:156.32,158.3 1 0
github.com/gizzahub/gzh-manager-go/pkg/github/github_org_clone.go:159.2,162.32 2 0
github.com/gizzahub/gzh-manager-go/pkg/github/github_org_clone.go:162.32,165.54 3 0
github.com/gizzahub/gzh-manager-go/pkg/github/github_org_clone.go:165.54,167.53 1 0
github.com/gizzahub/gzh-manager-go/pkg/github/github_org_clone.go:167.53,170.5 1 0
github.com/gizzahub/gzh-manager-go/pkg/github/github_org_clone.go:171.9,174.27 2 0
github.com/gizzahub/gzh-manager-go/pkg/github/github_org_clone.go:174.27,175.21 1 0
github.com/gizzahub/gzh-manager-go/pkg/github/github_org_clone.go:176.18,179.38 2 0
github.com/gizzahub/gzh-manager-go/pkg/github/github_org_clone.go:179.38,181.7 1 0
github.com/gizzahub/gzh-manager-go/pkg/github/github_org_clone.go:182.6,183.38 2 0
github.com/gizzahub/gzh-manager-go/pkg/github/github_org_clone.go:183.38,185.7 1 0
github.com/gizzahub/gzh-manager-go/pkg/github/github_org_clone.go:186.17,189.38 2 0
github.com/gizzahub/gzh-manager-go/pkg/github/github_org_clone.go:189.38,191.7 1 0
github.com/gizzahub/gzh-manager-go/pkg/github/github_org_clone.go:192.18,195.38 2 0
github.com/gizzahub/gzh-manager-go/pkg/github/github_org_clone.go:195.38,197.7 1 0
github.com/gizzahub/gzh-manager-go/pkg/github/github_org_clone.go:201.3,202.13 2 0
github.com/gizzahub/gzh-manager-go/pkg/github/github_org_clone.go:205.2,205.12 1 0
github.com/gizzahub/gzh-manager-go/pkg/github/github_org_clone.go:209.52,211.16 2 0
github.com/gizzahub/gzh-manager-go/pkg/github/github_org_clone.go:211.16,213.3 1 0
github.com/gizzahub/gzh-manager-go/pkg/github/github_org_clone.go:215.2,216.32 2 0
github.com/gizzahub/gzh-manager-go/pkg/github/github_org_clone.go:216.32,217.20 1 0
github.com/gizzahub/gzh-manager-go/pkg/github/github_org_clone.go:217.20,219.4 1 0
github.com/gizzahub/gzh-manager-go/pkg/github/github_org_clone.go:222.2,222.18 1 0
github.com/gizzahub/gzh-manager-go/pkg/github/github_org_clone.go:226.41,228.22 2 0
github.com/gizzahub/gzh-manager-go/pkg/github/github_org_clone.go:228.22,230.3 1 0
github.com/gizzahub/gzh-manager-go/pkg/github/github_org_clone.go:231.2,232.22 2 0
github.com/gizzahub/gzh-manager-go/pkg/github/github_org_clone.go:232.22,233.32 1 0
github.com/gizzahub/gzh-manager-go/pkg/github/github_org_clone.go:233.32,235.4 1 0
github.com/gizzahub/gzh-manager-go/pkg/github/github_org_clone.go:237.2,237.13 1 0
github.com/gizzahub/gzh-manager-go/pkg/github/github_org_clone.go:240.51,241.28 1 0
github.com/gizzahub/gzh-manager-go/pkg/github/github_org_clone.go:241.28,242.22 1 0
github.com/gizzahub/gzh-manager-go/pkg/github/github_org_clone.go:242.22,244.4 1 0
github.com/gizzahub/gzh-manager-go/pkg/github/github_org_clone.go:246.2,246.14 1 0
github.com/gizzahub/gzh-manager-go/helpers/git_helper.go:10.51,12.72 1 1
github.com/gizzahub/gzh-manager-go/helpers/git_helper.go:12.72,14.3 1 1
github.com/gizzahub/gzh-manager-go/helpers/git_helper.go:14.8,14.23 1 1
github.com/gizzahub/gzh-manager-go/helpers/git_helper.go:14.23,16.3 1 0
github.com/gizzahub/gzh-manager-go/helpers/git_helper.go:20.2,22.16 3 1
github.com/gizzahub/gzh-manager-go/helpers/git_helper.go:22.16,24.3 1 1
github.com/gizzahub/gzh-manager-go/helpers/git_helper.go:26.2,27.24 2 1
github.com/gizzahub/gzh-manager-go/helpers/git_helper.go:27.24,29.3 1 0
github.com/gizzahub/gzh-manager-go/helpers/git_helper.go:31.2,31.22 1 1
